{"C:\\Users\\Admin\\Documents\\GitHub\\T34\\backend\\models\\cart.js": {"path":"C:\\Users\\Admin\\Documents\\GitHub\\T34\\backend\\models\\cart.js","statementMap":{"0":{"start":{"line":1,"column":26},"end":{"line":1,"column":45}},"1":{"start":{"line":3,"column":19},"end":{"line":20,"column":3}},"2":{"start":{"line":22,"column":15},"end":{"line":22,"column":40}},"3":{"start":{"line":23,"column":2},"end":{"line":23,"column":28}}},"fnMap":{},"branchMap":{},"s":{"0":1,"1":1,"2":1,"3":1},"f":{},"b":{},"_coverageSchema":"1a1c01bbd47fc00a2c39e90264f33305004495a9","hash":"4ca004e9f9a05433aa05d04c86d46f86ebca3615"}
,"C:\\Users\\Admin\\Documents\\GitHub\\T34\\backend\\models\\category.js": {"path":"C:\\Users\\Admin\\Documents\\GitHub\\T34\\backend\\models\\category.js","statementMap":{"0":{"start":{"line":1,"column":26},"end":{"line":1,"column":45}},"1":{"start":{"line":3,"column":23},"end":{"line":13,"column":3}},"2":{"start":{"line":15,"column":19},"end":{"line":15,"column":52}},"3":{"start":{"line":16,"column":2},"end":{"line":16,"column":32}}},"fnMap":{},"branchMap":{},"s":{"0":2,"1":2,"2":2,"3":2},"f":{},"b":{},"_coverageSchema":"1a1c01bbd47fc00a2c39e90264f33305004495a9","hash":"f5a1c25996f5b9a010708572b9c1a6f0828fc285"}
,"C:\\Users\\Admin\\Documents\\GitHub\\T34\\backend\\models\\comment.js": {"path":"C:\\Users\\Admin\\Documents\\GitHub\\T34\\backend\\models\\comment.js","statementMap":{"0":{"start":{"line":1,"column":26},"end":{"line":1,"column":45}},"1":{"start":{"line":3,"column":22},"end":{"line":22,"column":3}},"2":{"start":{"line":24,"column":18},"end":{"line":24,"column":49}},"3":{"start":{"line":25,"column":2},"end":{"line":25,"column":31}}},"fnMap":{},"branchMap":{},"s":{"0":1,"1":1,"2":1,"3":1},"f":{},"b":{},"_coverageSchema":"1a1c01bbd47fc00a2c39e90264f33305004495a9","hash":"7b79ee2b585d3d63c8effb775adb1ee67bdf10e5"}
,"C:\\Users\\Admin\\Documents\\GitHub\\T34\\backend\\models\\favourites.js": {"path":"C:\\Users\\Admin\\Documents\\GitHub\\T34\\backend\\models\\favourites.js","statementMap":{"0":{"start":{"line":1,"column":26},"end":{"line":1,"column":45}},"1":{"start":{"line":3,"column":25},"end":{"line":16,"column":3}},"2":{"start":{"line":18,"column":21},"end":{"line":18,"column":58}},"3":{"start":{"line":19,"column":2},"end":{"line":19,"column":34}}},"fnMap":{},"branchMap":{},"s":{"0":1,"1":1,"2":1,"3":1},"f":{},"b":{},"_coverageSchema":"1a1c01bbd47fc00a2c39e90264f33305004495a9","hash":"316fcf93ab6d6a0167517cf93485623a7fa56991"}
,"C:\\Users\\Admin\\Documents\\GitHub\\T34\\backend\\models\\item.js": {"path":"C:\\Users\\Admin\\Documents\\GitHub\\T34\\backend\\models\\item.js","statementMap":{"0":{"start":{"line":1,"column":38},"end":{"line":1,"column":57}},"1":{"start":{"line":3,"column":19},"end":{"line":52,"column":3}},"2":{"start":{"line":54,"column":15},"end":{"line":54,"column":40}},"3":{"start":{"line":55,"column":2},"end":{"line":55,"column":28}}},"fnMap":{},"branchMap":{},"s":{"0":4,"1":4,"2":4,"3":4},"f":{},"b":{},"_coverageSchema":"1a1c01bbd47fc00a2c39e90264f33305004495a9","hash":"61b4be09d1666205b18a916a675cdc08da82c7d4"}
,"C:\\Users\\Admin\\Documents\\GitHub\\T34\\backend\\models\\user.js": {"path":"C:\\Users\\Admin\\Documents\\GitHub\\T34\\backend\\models\\user.js","statementMap":{"0":{"start":{"line":1,"column":45},"end":{"line":1,"column":64}},"1":{"start":{"line":2,"column":24},"end":{"line":2,"column":60}},"2":{"start":{"line":3,"column":15},"end":{"line":3,"column":34}},"3":{"start":{"line":5,"column":19},"end":{"line":45,"column":1}},"4":{"start":{"line":47,"column":0},"end":{"line":47,"column":35}},"5":{"start":{"line":49,"column":0},"end":{"line":64,"column":3}},"6":{"start":{"line":50,"column":13},"end":{"line":50,"column":17}},"7":{"start":{"line":51,"column":2},"end":{"line":53,"column":3}},"8":{"start":{"line":52,"column":4},"end":{"line":52,"column":18}},"9":{"start":{"line":54,"column":2},"end":{"line":63,"column":28}},"10":{"start":{"line":57,"column":4},"end":{"line":57,"column":44}},"11":{"start":{"line":60,"column":4},"end":{"line":60,"column":25}},"12":{"start":{"line":61,"column":4},"end":{"line":61,"column":11}},"13":{"start":{"line":63,"column":17},"end":{"line":63,"column":26}},"14":{"start":{"line":67,"column":0},"end":{"line":67,"column":52}}},"fnMap":{"0":{"name":"(anonymous_0)","decl":{"start":{"line":49,"column":23},"end":{"line":49,"column":24}},"loc":{"start":{"line":49,"column":37},"end":{"line":64,"column":1}},"line":49},"1":{"name":"(anonymous_1)","decl":{"start":{"line":56,"column":8},"end":{"line":56,"column":9}},"loc":{"start":{"line":56,"column":18},"end":{"line":58,"column":3}},"line":56},"2":{"name":"(anonymous_2)","decl":{"start":{"line":59,"column":8},"end":{"line":59,"column":9}},"loc":{"start":{"line":59,"column":18},"end":{"line":62,"column":3}},"line":59},"3":{"name":"(anonymous_3)","decl":{"start":{"line":63,"column":9},"end":{"line":63,"column":10}},"loc":{"start":{"line":63,"column":17},"end":{"line":63,"column":26}},"line":63}},"branchMap":{"0":{"loc":{"start":{"line":51,"column":2},"end":{"line":53,"column":3}},"type":"if","locations":[{"start":{"line":51,"column":2},"end":{"line":53,"column":3}},{"start":{},"end":{}}],"line":51}},"s":{"0":3,"1":3,"2":3,"3":3,"4":3,"5":3,"6":0,"7":0,"8":0,"9":0,"10":0,"11":0,"12":0,"13":0,"14":3},"f":{"0":0,"1":0,"2":0,"3":0},"b":{"0":[0,0]},"_coverageSchema":"1a1c01bbd47fc00a2c39e90264f33305004495a9","hash":"65d648a8fd0d3217c538b77c1329d4f3a456c011"}
,"C:\\Users\\Admin\\Documents\\GitHub\\T34\\backend\\services\\cart\\create.js": {"path":"C:\\Users\\Admin\\Documents\\GitHub\\T34\\backend\\services\\cart\\create.js","statementMap":{"0":{"start":{"line":1,"column":17},"end":{"line":1,"column":45}},"1":{"start":{"line":4,"column":15},"end":{"line":7,"column":1}},"2":{"start":{"line":5,"column":17},"end":{"line":5,"column":42}},"3":{"start":{"line":6,"column":4},"end":{"line":6,"column":16}},"4":{"start":{"line":10,"column":0},"end":{"line":10,"column":28}}},"fnMap":{"0":{"name":"(anonymous_0)","decl":{"start":{"line":4,"column":15},"end":{"line":4,"column":16}},"loc":{"start":{"line":4,"column":33},"end":{"line":7,"column":1}},"line":4}},"branchMap":{},"s":{"0":1,"1":1,"2":2,"3":2,"4":1},"f":{"0":2},"b":{},"_coverageSchema":"1a1c01bbd47fc00a2c39e90264f33305004495a9","hash":"21de85c76b2b53dd35c5d1c249f11f71f67e4da8"}
,"C:\\Users\\Admin\\Documents\\GitHub\\T34\\backend\\services\\cart\\delete.js": {"path":"C:\\Users\\Admin\\Documents\\GitHub\\T34\\backend\\services\\cart\\delete.js","statementMap":{"0":{"start":{"line":1,"column":17},"end":{"line":1,"column":45}},"1":{"start":{"line":2,"column":17},"end":{"line":2,"column":45}},"2":{"start":{"line":5,"column":19},"end":{"line":9,"column":1}},"3":{"start":{"line":6,"column":24},"end":{"line":6,"column":60}},"4":{"start":{"line":7,"column":4},"end":{"line":7,"column":23}},"5":{"start":{"line":10,"column":0},"end":{"line":10,"column":31}}},"fnMap":{"0":{"name":"(anonymous_0)","decl":{"start":{"line":5,"column":19},"end":{"line":5,"column":20}},"loc":{"start":{"line":5,"column":37},"end":{"line":9,"column":1}},"line":5}},"branchMap":{},"s":{"0":1,"1":1,"2":1,"3":1,"4":1,"5":1},"f":{"0":1},"b":{},"_coverageSchema":"1a1c01bbd47fc00a2c39e90264f33305004495a9","hash":"f1e2df25de380aa9c1eda3eecedaf75b11e91f3b"}
,"C:\\Users\\Admin\\Documents\\GitHub\\T34\\backend\\services\\cart\\index.js": {"path":"C:\\Users\\Admin\\Documents\\GitHub\\T34\\backend\\services\\cart\\index.js","statementMap":{"0":{"start":{"line":1,"column":23},"end":{"line":1,"column":42}},"1":{"start":{"line":2,"column":21},"end":{"line":2,"column":38}},"2":{"start":{"line":3,"column":58},"end":{"line":3,"column":77}},"3":{"start":{"line":4,"column":19},"end":{"line":4,"column":38}},"4":{"start":{"line":6,"column":0},"end":{"line":14,"column":2}}},"fnMap":{},"branchMap":{},"s":{"0":1,"1":1,"2":1,"3":1,"4":1},"f":{},"b":{},"_coverageSchema":"1a1c01bbd47fc00a2c39e90264f33305004495a9","hash":"79a1a1109bc3a47348f842bd37583e74e98a477d"}
,"C:\\Users\\Admin\\Documents\\GitHub\\T34\\backend\\services\\cart\\read.js": {"path":"C:\\Users\\Admin\\Documents\\GitHub\\T34\\backend\\services\\cart\\read.js","statementMap":{"0":{"start":{"line":1,"column":17},"end":{"line":1,"column":45}},"1":{"start":{"line":4,"column":17},"end":{"line":7,"column":1}},"2":{"start":{"line":5,"column":17},"end":{"line":5,"column":44}},"3":{"start":{"line":6,"column":4},"end":{"line":6,"column":16}},"4":{"start":{"line":10,"column":0},"end":{"line":10,"column":28}}},"fnMap":{"0":{"name":"(anonymous_0)","decl":{"start":{"line":4,"column":17},"end":{"line":4,"column":18}},"loc":{"start":{"line":4,"column":35},"end":{"line":7,"column":1}},"line":4}},"branchMap":{},"s":{"0":1,"1":1,"2":1,"3":1,"4":1},"f":{"0":1},"b":{},"_coverageSchema":"1a1c01bbd47fc00a2c39e90264f33305004495a9","hash":"a533a08fc919202e966c203332f744381480d9b9"}
,"C:\\Users\\Admin\\Documents\\GitHub\\T34\\backend\\services\\cart\\update.js": {"path":"C:\\Users\\Admin\\Documents\\GitHub\\T34\\backend\\services\\cart\\update.js","statementMap":{"0":{"start":{"line":1,"column":17},"end":{"line":1,"column":45}},"1":{"start":{"line":2,"column":17},"end":{"line":2,"column":45}},"2":{"start":{"line":4,"column":16},"end":{"line":15,"column":1}},"3":{"start":{"line":5,"column":19},"end":{"line":5,"column":46}},"4":{"start":{"line":6,"column":19},"end":{"line":6,"column":46}},"5":{"start":{"line":7,"column":6},"end":{"line":10,"column":7}},"6":{"start":{"line":7,"column":19},"end":{"line":7,"column":20}},"7":{"start":{"line":8,"column":8},"end":{"line":8,"column":32}},"8":{"start":{"line":9,"column":8},"end":{"line":9,"column":36}},"9":{"start":{"line":11,"column":6},"end":{"line":11,"column":24}},"10":{"start":{"line":13,"column":6},"end":{"line":13,"column":18}},"11":{"start":{"line":17,"column":17},"end":{"line":24,"column":1}},"12":{"start":{"line":18,"column":15},"end":{"line":18,"column":42}},"13":{"start":{"line":19,"column":2},"end":{"line":19,"column":18}},"14":{"start":{"line":20,"column":2},"end":{"line":20,"column":23}},"15":{"start":{"line":21,"column":2},"end":{"line":21,"column":20}},"16":{"start":{"line":22,"column":2},"end":{"line":22,"column":14}},"17":{"start":{"line":26,"column":19},"end":{"line":49,"column":1}},"18":{"start":{"line":27,"column":15},"end":{"line":27,"column":42}},"19":{"start":{"line":28,"column":15},"end":{"line":28,"column":42}},"20":{"start":{"line":29,"column":20},"end":{"line":29,"column":22}},"21":{"start":{"line":30,"column":14},"end":{"line":30,"column":15}},"22":{"start":{"line":31,"column":2},"end":{"line":44,"column":3}},"23":{"start":{"line":31,"column":15},"end":{"line":31,"column":16}},"24":{"start":{"line":32,"column":6},"end":{"line":43,"column":7}},"25":{"start":{"line":33,"column":10},"end":{"line":33,"column":40}},"26":{"start":{"line":36,"column":8},"end":{"line":42,"column":9}},"27":{"start":{"line":37,"column":10},"end":{"line":37,"column":38}},"28":{"start":{"line":38,"column":10},"end":{"line":38,"column":19}},"29":{"start":{"line":41,"column":10},"end":{"line":41,"column":40}},"30":{"start":{"line":45,"column":2},"end":{"line":45,"column":25}},"31":{"start":{"line":47,"column":2},"end":{"line":47,"column":20}},"32":{"start":{"line":48,"column":2},"end":{"line":48,"column":14}},"33":{"start":{"line":51,"column":23},"end":{"line":57,"column":1}},"34":{"start":{"line":52,"column":15},"end":{"line":52,"column":42}},"35":{"start":{"line":53,"column":2},"end":{"line":53,"column":18}},"36":{"start":{"line":54,"column":2},"end":{"line":54,"column":23}},"37":{"start":{"line":55,"column":2},"end":{"line":55,"column":20}},"38":{"start":{"line":56,"column":2},"end":{"line":56,"column":14}},"39":{"start":{"line":59,"column":0},"end":{"line":59,"column":65}}},"fnMap":{"0":{"name":"(anonymous_0)","decl":{"start":{"line":4,"column":16},"end":{"line":4,"column":17}},"loc":{"start":{"line":4,"column":51},"end":{"line":15,"column":1}},"line":4},"1":{"name":"(anonymous_1)","decl":{"start":{"line":17,"column":17},"end":{"line":17,"column":18}},"loc":{"start":{"line":17,"column":34},"end":{"line":24,"column":1}},"line":17},"2":{"name":"(anonymous_2)","decl":{"start":{"line":26,"column":19},"end":{"line":26,"column":20}},"loc":{"start":{"line":26,"column":44},"end":{"line":49,"column":1}},"line":26},"3":{"name":"(anonymous_3)","decl":{"start":{"line":51,"column":23},"end":{"line":51,"column":24}},"loc":{"start":{"line":51,"column":40},"end":{"line":57,"column":1}},"line":51}},"branchMap":{"0":{"loc":{"start":{"line":32,"column":6},"end":{"line":43,"column":7}},"type":"if","locations":[{"start":{"line":32,"column":6},"end":{"line":43,"column":7}},{"start":{"line":35,"column":11},"end":{"line":43,"column":7}}],"line":32},"1":{"loc":{"start":{"line":36,"column":8},"end":{"line":42,"column":9}},"type":"if","locations":[{"start":{"line":36,"column":8},"end":{"line":42,"column":9}},{"start":{"line":40,"column":13},"end":{"line":42,"column":9}}],"line":36}},"s":{"0":1,"1":1,"2":1,"3":5,"4":5,"5":5,"6":5,"7":5,"8":5,"9":5,"10":5,"11":1,"12":0,"13":0,"14":0,"15":0,"16":0,"17":1,"18":1,"19":1,"20":1,"21":1,"22":1,"23":1,"24":1,"25":0,"26":1,"27":1,"28":1,"29":0,"30":1,"31":1,"32":1,"33":1,"34":1,"35":1,"36":1,"37":1,"38":1,"39":1},"f":{"0":5,"1":0,"2":1,"3":1},"b":{"0":[0,1],"1":[1,0]},"_coverageSchema":"1a1c01bbd47fc00a2c39e90264f33305004495a9","hash":"01b58fc8690f1d5a8cc0a1e2439b9ac3cc07c1d9"}
,"C:\\Users\\Admin\\Documents\\GitHub\\T34\\backend\\services\\category\\create.js": {"path":"C:\\Users\\Admin\\Documents\\GitHub\\T34\\backend\\services\\category\\create.js","statementMap":{"0":{"start":{"line":1,"column":21},"end":{"line":1,"column":53}},"1":{"start":{"line":3,"column":15},"end":{"line":12,"column":1}},"2":{"start":{"line":7,"column":19},"end":{"line":10,"column":4}},"3":{"start":{"line":11,"column":2},"end":{"line":11,"column":18}},"4":{"start":{"line":14,"column":0},"end":{"line":14,"column":28}}},"fnMap":{"0":{"name":"(anonymous_0)","decl":{"start":{"line":3,"column":15},"end":{"line":3,"column":16}},"loc":{"start":{"line":6,"column":6},"end":{"line":12,"column":1}},"line":6}},"branchMap":{},"s":{"0":2,"1":2,"2":3,"3":3,"4":2},"f":{"0":3},"b":{},"_coverageSchema":"1a1c01bbd47fc00a2c39e90264f33305004495a9","hash":"68fb38d225b6cfa8b58a739b301f947648a19e4a"}
,"C:\\Users\\Admin\\Documents\\GitHub\\T34\\backend\\services\\category\\index.js": {"path":"C:\\Users\\Admin\\Documents\\GitHub\\T34\\backend\\services\\category\\index.js","statementMap":{"0":{"start":{"line":1,"column":19},"end":{"line":1,"column":38}},"1":{"start":{"line":3,"column":0},"end":{"line":5,"column":2}}},"fnMap":{},"branchMap":{},"s":{"0":2,"1":2},"f":{},"b":{},"_coverageSchema":"1a1c01bbd47fc00a2c39e90264f33305004495a9","hash":"57867b2b996115397b4f075e837595c6faf29c38"}
,"C:\\Users\\Admin\\Documents\\GitHub\\T34\\backend\\services\\comment\\create.js": {"path":"C:\\Users\\Admin\\Documents\\GitHub\\T34\\backend\\services\\comment\\create.js","statementMap":{"0":{"start":{"line":1,"column":17},"end":{"line":1,"column":45}},"1":{"start":{"line":2,"column":20},"end":{"line":2,"column":51}},"2":{"start":{"line":4,"column":15},"end":{"line":18,"column":1}},"3":{"start":{"line":9,"column":18},"end":{"line":12,"column":4}},"4":{"start":{"line":14,"column":15},"end":{"line":14,"column":42}},"5":{"start":{"line":15,"column":2},"end":{"line":15,"column":30}},"6":{"start":{"line":16,"column":2},"end":{"line":16,"column":17}},"7":{"start":{"line":20,"column":0},"end":{"line":20,"column":28}}},"fnMap":{"0":{"name":"(anonymous_0)","decl":{"start":{"line":4,"column":15},"end":{"line":4,"column":16}},"loc":{"start":{"line":8,"column":6},"end":{"line":18,"column":1}},"line":8}},"branchMap":{},"s":{"0":1,"1":1,"2":1,"3":2,"4":0,"5":0,"6":0,"7":1},"f":{"0":2},"b":{},"_coverageSchema":"1a1c01bbd47fc00a2c39e90264f33305004495a9","hash":"ad91f72c523a00c156d56bdc40ba88d35b7babfc"}
,"C:\\Users\\Admin\\Documents\\GitHub\\T34\\backend\\services\\comment\\delete.js": {"path":"C:\\Users\\Admin\\Documents\\GitHub\\T34\\backend\\services\\comment\\delete.js","statementMap":{"0":{"start":{"line":1,"column":20},"end":{"line":1,"column":51}},"1":{"start":{"line":3,"column":19},"end":{"line":7,"column":1}},"2":{"start":{"line":4,"column":25},"end":{"line":4,"column":67}},"3":{"start":{"line":6,"column":2},"end":{"line":6,"column":24}},"4":{"start":{"line":9,"column":0},"end":{"line":9,"column":32}}},"fnMap":{"0":{"name":"(anonymous_0)","decl":{"start":{"line":3,"column":19},"end":{"line":3,"column":20}},"loc":{"start":{"line":3,"column":40},"end":{"line":7,"column":1}},"line":3}},"branchMap":{},"s":{"0":1,"1":1,"2":0,"3":0,"4":1},"f":{"0":0},"b":{},"_coverageSchema":"1a1c01bbd47fc00a2c39e90264f33305004495a9","hash":"44282919ebdad7cc38ca346e596f559e4e46b434"}
,"C:\\Users\\Admin\\Documents\\GitHub\\T34\\backend\\services\\comment\\index.js": {"path":"C:\\Users\\Admin\\Documents\\GitHub\\T34\\backend\\services\\comment\\index.js","statementMap":{"0":{"start":{"line":1,"column":19},"end":{"line":1,"column":38}},"1":{"start":{"line":2,"column":23},"end":{"line":2,"column":42}},"2":{"start":{"line":3,"column":33},"end":{"line":3,"column":50}},"3":{"start":{"line":4,"column":23},"end":{"line":4,"column":42}},"4":{"start":{"line":6,"column":0},"end":{"line":12,"column":2}}},"fnMap":{},"branchMap":{},"s":{"0":1,"1":1,"2":1,"3":1,"4":1},"f":{},"b":{},"_coverageSchema":"1a1c01bbd47fc00a2c39e90264f33305004495a9","hash":"45d7d6005c23f6662f120a6e364bf89b63927b2b"}
,"C:\\Users\\Admin\\Documents\\GitHub\\T34\\backend\\services\\comment\\read.js": {"path":"C:\\Users\\Admin\\Documents\\GitHub\\T34\\backend\\services\\comment\\read.js","statementMap":{"0":{"start":{"line":1,"column":20},"end":{"line":1,"column":51}},"1":{"start":{"line":3,"column":25},"end":{"line":3,"column":49}},"2":{"start":{"line":4,"column":22},"end":{"line":4,"column":42}},"3":{"start":{"line":5,"column":17},"end":{"line":5,"column":45}},"4":{"start":{"line":7,"column":17},"end":{"line":18,"column":1}},"5":{"start":{"line":8,"column":2},"end":{"line":10,"column":3}},"6":{"start":{"line":9,"column":4},"end":{"line":9,"column":21}},"7":{"start":{"line":11,"column":18},"end":{"line":11,"column":51}},"8":{"start":{"line":13,"column":2},"end":{"line":15,"column":3}},"9":{"start":{"line":14,"column":4},"end":{"line":14,"column":61}},"10":{"start":{"line":17,"column":2},"end":{"line":17,"column":17}},"11":{"start":{"line":20,"column":19},"end":{"line":31,"column":1}},"12":{"start":{"line":21,"column":2},"end":{"line":23,"column":3}},"13":{"start":{"line":22,"column":4},"end":{"line":22,"column":21}},"14":{"start":{"line":24,"column":15},"end":{"line":24,"column":42}},"15":{"start":{"line":25,"column":2},"end":{"line":27,"column":3}},"16":{"start":{"line":26,"column":4},"end":{"line":26,"column":40}},"17":{"start":{"line":28,"column":2},"end":{"line":28,"column":23}},"18":{"start":{"line":32,"column":0},"end":{"line":32,"column":42}}},"fnMap":{"0":{"name":"(anonymous_0)","decl":{"start":{"line":7,"column":17},"end":{"line":7,"column":18}},"loc":{"start":{"line":7,"column":38},"end":{"line":18,"column":1}},"line":7},"1":{"name":"(anonymous_1)","decl":{"start":{"line":20,"column":19},"end":{"line":20,"column":20}},"loc":{"start":{"line":20,"column":37},"end":{"line":31,"column":1}},"line":20}},"branchMap":{"0":{"loc":{"start":{"line":8,"column":2},"end":{"line":10,"column":3}},"type":"if","locations":[{"start":{"line":8,"column":2},"end":{"line":10,"column":3}},{"start":{},"end":{}}],"line":8},"1":{"loc":{"start":{"line":13,"column":2},"end":{"line":15,"column":3}},"type":"if","locations":[{"start":{"line":13,"column":2},"end":{"line":15,"column":3}},{"start":{},"end":{}}],"line":13},"2":{"loc":{"start":{"line":21,"column":2},"end":{"line":23,"column":3}},"type":"if","locations":[{"start":{"line":21,"column":2},"end":{"line":23,"column":3}},{"start":{},"end":{}}],"line":21},"3":{"loc":{"start":{"line":25,"column":2},"end":{"line":27,"column":3}},"type":"if","locations":[{"start":{"line":25,"column":2},"end":{"line":27,"column":3}},{"start":{},"end":{}}],"line":25}},"s":{"0":1,"1":1,"2":1,"3":1,"4":1,"5":0,"6":0,"7":0,"8":0,"9":0,"10":0,"11":1,"12":0,"13":0,"14":0,"15":0,"16":0,"17":0,"18":1},"f":{"0":0,"1":0},"b":{"0":[0,0],"1":[0,0],"2":[0,0],"3":[0,0]},"_coverageSchema":"1a1c01bbd47fc00a2c39e90264f33305004495a9","hash":"949910890f8db25f5a666a13ae9a88a5ff4828e3"}
,"C:\\Users\\Admin\\Documents\\GitHub\\T34\\backend\\services\\comment\\update.js": {"path":"C:\\Users\\Admin\\Documents\\GitHub\\T34\\backend\\services\\comment\\update.js","statementMap":{"0":{"start":{"line":1,"column":20},"end":{"line":1,"column":51}},"1":{"start":{"line":3,"column":19},"end":{"line":10,"column":1}},"2":{"start":{"line":4,"column":18},"end":{"line":4,"column":51}},"3":{"start":{"line":6,"column":2},"end":{"line":6,"column":29}},"4":{"start":{"line":7,"column":2},"end":{"line":7,"column":23}},"5":{"start":{"line":9,"column":2},"end":{"line":9,"column":17}},"6":{"start":{"line":14,"column":0},"end":{"line":14,"column":32}}},"fnMap":{"0":{"name":"(anonymous_0)","decl":{"start":{"line":3,"column":19},"end":{"line":3,"column":20}},"loc":{"start":{"line":3,"column":51},"end":{"line":10,"column":1}},"line":3}},"branchMap":{},"s":{"0":1,"1":1,"2":0,"3":0,"4":0,"5":0,"6":1},"f":{"0":0},"b":{},"_coverageSchema":"1a1c01bbd47fc00a2c39e90264f33305004495a9","hash":"1ea96af57063a6404ddf813a3b532179c13ecaeb"}
,"C:\\Users\\Admin\\Documents\\GitHub\\T34\\backend\\services\\favourites\\create.js": {"path":"C:\\Users\\Admin\\Documents\\GitHub\\T34\\backend\\services\\favourites\\create.js","statementMap":{"0":{"start":{"line":1,"column":23},"end":{"line":1,"column":57}},"1":{"start":{"line":2,"column":17},"end":{"line":2,"column":45}},"2":{"start":{"line":4,"column":15},"end":{"line":7,"column":1}},"3":{"start":{"line":5,"column":23},"end":{"line":5,"column":54}},"4":{"start":{"line":6,"column":4},"end":{"line":6,"column":22}},"5":{"start":{"line":9,"column":0},"end":{"line":9,"column":28}}},"fnMap":{"0":{"name":"(anonymous_0)","decl":{"start":{"line":4,"column":15},"end":{"line":4,"column":16}},"loc":{"start":{"line":4,"column":33},"end":{"line":7,"column":1}},"line":4}},"branchMap":{},"s":{"0":1,"1":1,"2":1,"3":2,"4":2,"5":1},"f":{"0":2},"b":{},"_coverageSchema":"1a1c01bbd47fc00a2c39e90264f33305004495a9","hash":"10d52b5177138b2f3a958187e2e5ae5ba8297b43"}
,"C:\\Users\\Admin\\Documents\\GitHub\\T34\\backend\\services\\favourites\\delete.js": {"path":"C:\\Users\\Admin\\Documents\\GitHub\\T34\\backend\\services\\favourites\\delete.js","statementMap":{"0":{"start":{"line":2,"column":23},"end":{"line":2,"column":57}},"1":{"start":{"line":3,"column":17},"end":{"line":3,"column":45}},"2":{"start":{"line":5,"column":19},"end":{"line":8,"column":1}},"3":{"start":{"line":6,"column":23},"end":{"line":6,"column":64}},"4":{"start":{"line":7,"column":4},"end":{"line":7,"column":22}},"5":{"start":{"line":10,"column":0},"end":{"line":10,"column":32}}},"fnMap":{"0":{"name":"(anonymous_0)","decl":{"start":{"line":5,"column":19},"end":{"line":5,"column":20}},"loc":{"start":{"line":5,"column":35},"end":{"line":8,"column":1}},"line":5}},"branchMap":{},"s":{"0":1,"1":1,"2":1,"3":1,"4":1,"5":1},"f":{"0":1},"b":{},"_coverageSchema":"1a1c01bbd47fc00a2c39e90264f33305004495a9","hash":"dec172f87d0d768ef2e90d79db25eda842b4d9ba"}
,"C:\\Users\\Admin\\Documents\\GitHub\\T34\\backend\\services\\favourites\\index.js": {"path":"C:\\Users\\Admin\\Documents\\GitHub\\T34\\backend\\services\\favourites\\index.js","statementMap":{"0":{"start":{"line":1,"column":23},"end":{"line":1,"column":42}},"1":{"start":{"line":2,"column":21},"end":{"line":2,"column":38}},"2":{"start":{"line":3,"column":48},"end":{"line":3,"column":67}},"3":{"start":{"line":4,"column":19},"end":{"line":4,"column":38}},"4":{"start":{"line":6,"column":0},"end":{"line":13,"column":2}}},"fnMap":{},"branchMap":{},"s":{"0":1,"1":1,"2":1,"3":1,"4":1},"f":{},"b":{},"_coverageSchema":"1a1c01bbd47fc00a2c39e90264f33305004495a9","hash":"c9e136e7adcf1e10e1e0627a615dd161a194ba40"}
,"C:\\Users\\Admin\\Documents\\GitHub\\T34\\backend\\services\\favourites\\read.js": {"path":"C:\\Users\\Admin\\Documents\\GitHub\\T34\\backend\\services\\favourites\\read.js","statementMap":{"0":{"start":{"line":1,"column":23},"end":{"line":1,"column":57}},"1":{"start":{"line":3,"column":17},"end":{"line":9,"column":1}},"2":{"start":{"line":4,"column":22},"end":{"line":4,"column":54}},"3":{"start":{"line":5,"column":4},"end":{"line":7,"column":5}},"4":{"start":{"line":6,"column":8},"end":{"line":6,"column":43}},"5":{"start":{"line":8,"column":4},"end":{"line":8,"column":21}},"6":{"start":{"line":11,"column":0},"end":{"line":11,"column":30}}},"fnMap":{"0":{"name":"(anonymous_0)","decl":{"start":{"line":3,"column":17},"end":{"line":3,"column":18}},"loc":{"start":{"line":3,"column":34},"end":{"line":9,"column":1}},"line":3}},"branchMap":{"0":{"loc":{"start":{"line":5,"column":4},"end":{"line":7,"column":5}},"type":"if","locations":[{"start":{"line":5,"column":4},"end":{"line":7,"column":5}},{"start":{},"end":{}}],"line":5}},"s":{"0":1,"1":1,"2":1,"3":1,"4":0,"5":1,"6":1},"f":{"0":1},"b":{"0":[0,1]},"_coverageSchema":"1a1c01bbd47fc00a2c39e90264f33305004495a9","hash":"76c7ff524d904288d7b7a236feb25ca43e0df4e0"}
,"C:\\Users\\Admin\\Documents\\GitHub\\T34\\backend\\services\\favourites\\update.js": {"path":"C:\\Users\\Admin\\Documents\\GitHub\\T34\\backend\\services\\favourites\\update.js","statementMap":{"0":{"start":{"line":1,"column":23},"end":{"line":1,"column":57}},"1":{"start":{"line":2,"column":17},"end":{"line":2,"column":45}},"2":{"start":{"line":4,"column":16},"end":{"line":12,"column":1}},"3":{"start":{"line":6,"column":22},"end":{"line":6,"column":54}},"4":{"start":{"line":7,"column":17},"end":{"line":7,"column":44}},"5":{"start":{"line":9,"column":4},"end":{"line":9,"column":33}},"6":{"start":{"line":10,"column":4},"end":{"line":10,"column":27}},"7":{"start":{"line":11,"column":4},"end":{"line":11,"column":21}},"8":{"start":{"line":14,"column":19},"end":{"line":38,"column":1}},"9":{"start":{"line":15,"column":22},"end":{"line":15,"column":54}},"10":{"start":{"line":16,"column":17},"end":{"line":16,"column":44}},"11":{"start":{"line":18,"column":22},"end":{"line":18,"column":24}},"12":{"start":{"line":19,"column":16},"end":{"line":19,"column":17}},"13":{"start":{"line":21,"column":4},"end":{"line":33,"column":5}},"14":{"start":{"line":21,"column":16},"end":{"line":21,"column":17}},"15":{"start":{"line":22,"column":8},"end":{"line":32,"column":9}},"16":{"start":{"line":23,"column":13},"end":{"line":23,"column":48}},"17":{"start":{"line":26,"column":12},"end":{"line":31,"column":13}},"18":{"start":{"line":27,"column":16},"end":{"line":27,"column":25}},"19":{"start":{"line":30,"column":16},"end":{"line":30,"column":51}},"20":{"start":{"line":34,"column":4},"end":{"line":34,"column":32}},"21":{"start":{"line":35,"column":4},"end":{"line":35,"column":27}},"22":{"start":{"line":36,"column":4},"end":{"line":36,"column":21}},"23":{"start":{"line":40,"column":23},"end":{"line":46,"column":1}},"24":{"start":{"line":41,"column":22},"end":{"line":41,"column":54}},"25":{"start":{"line":43,"column":4},"end":{"line":43,"column":25}},"26":{"start":{"line":44,"column":4},"end":{"line":44,"column":27}},"27":{"start":{"line":45,"column":4},"end":{"line":45,"column":21}},"28":{"start":{"line":48,"column":0},"end":{"line":48,"column":56}}},"fnMap":{"0":{"name":"(anonymous_0)","decl":{"start":{"line":4,"column":16},"end":{"line":4,"column":17}},"loc":{"start":{"line":4,"column":41},"end":{"line":12,"column":1}},"line":4},"1":{"name":"(anonymous_1)","decl":{"start":{"line":14,"column":19},"end":{"line":14,"column":20}},"loc":{"start":{"line":14,"column":44},"end":{"line":38,"column":1}},"line":14},"2":{"name":"(anonymous_2)","decl":{"start":{"line":40,"column":23},"end":{"line":40,"column":24}},"loc":{"start":{"line":40,"column":40},"end":{"line":46,"column":1}},"line":40}},"branchMap":{"0":{"loc":{"start":{"line":22,"column":8},"end":{"line":32,"column":9}},"type":"if","locations":[{"start":{"line":22,"column":8},"end":{"line":32,"column":9}},{"start":{"line":25,"column":13},"end":{"line":32,"column":9}}],"line":22},"1":{"loc":{"start":{"line":26,"column":12},"end":{"line":31,"column":13}},"type":"if","locations":[{"start":{"line":26,"column":12},"end":{"line":31,"column":13}},{"start":{"line":29,"column":17},"end":{"line":31,"column":13}}],"line":26}},"s":{"0":1,"1":1,"2":1,"3":5,"4":5,"5":5,"6":5,"7":5,"8":1,"9":1,"10":1,"11":1,"12":1,"13":1,"14":1,"15":1,"16":0,"17":1,"18":1,"19":0,"20":1,"21":1,"22":1,"23":1,"24":1,"25":1,"26":1,"27":1,"28":1},"f":{"0":5,"1":1,"2":1},"b":{"0":[0,1],"1":[1,0]},"_coverageSchema":"1a1c01bbd47fc00a2c39e90264f33305004495a9","hash":"933708cfb0fb02c1de12952af552f048d9cb05f6"}
,"C:\\Users\\Admin\\Documents\\GitHub\\T34\\backend\\services\\item\\create.js": {"path":"C:\\Users\\Admin\\Documents\\GitHub\\T34\\backend\\services\\item\\create.js","statementMap":{"0":{"start":{"line":1,"column":17},"end":{"line":1,"column":45}},"1":{"start":{"line":3,"column":15},"end":{"line":24,"column":1}},"2":{"start":{"line":13,"column":15},"end":{"line":22,"column":4}},"3":{"start":{"line":23,"column":2},"end":{"line":23,"column":14}},"4":{"start":{"line":26,"column":0},"end":{"line":26,"column":28}}},"fnMap":{"0":{"name":"(anonymous_0)","decl":{"start":{"line":3,"column":15},"end":{"line":3,"column":16}},"loc":{"start":{"line":12,"column":6},"end":{"line":24,"column":1}},"line":12}},"branchMap":{},"s":{"0":4,"1":4,"2":9,"3":9,"4":4},"f":{"0":9},"b":{},"_coverageSchema":"1a1c01bbd47fc00a2c39e90264f33305004495a9","hash":"3b2e10135f447ca1db6b15e195310e78422ada7b"}
,"C:\\Users\\Admin\\Documents\\GitHub\\T34\\backend\\services\\item\\delete.js": {"path":"C:\\Users\\Admin\\Documents\\GitHub\\T34\\backend\\services\\item\\delete.js","statementMap":{"0":{"start":{"line":1,"column":17},"end":{"line":1,"column":45}},"1":{"start":{"line":3,"column":19},"end":{"line":6,"column":1}},"2":{"start":{"line":4,"column":22},"end":{"line":4,"column":58}},"3":{"start":{"line":5,"column":2},"end":{"line":5,"column":21}},"4":{"start":{"line":8,"column":0},"end":{"line":8,"column":32}}},"fnMap":{"0":{"name":"(anonymous_0)","decl":{"start":{"line":3,"column":19},"end":{"line":3,"column":20}},"loc":{"start":{"line":3,"column":37},"end":{"line":6,"column":1}},"line":3}},"branchMap":{},"s":{"0":4,"1":4,"2":1,"3":1,"4":4},"f":{"0":1},"b":{},"_coverageSchema":"1a1c01bbd47fc00a2c39e90264f33305004495a9","hash":"ceef188960197033bb0b540c843603009a2b6d04"}
,"C:\\Users\\Admin\\Documents\\GitHub\\T34\\backend\\services\\item\\index.js": {"path":"C:\\Users\\Admin\\Documents\\GitHub\\T34\\backend\\services\\item\\index.js","statementMap":{"0":{"start":{"line":1,"column":19},"end":{"line":1,"column":38}},"1":{"start":{"line":2,"column":23},"end":{"line":2,"column":42}},"2":{"start":{"line":4,"column":21},"end":{"line":4,"column":38}},"3":{"start":{"line":5,"column":36},"end":{"line":5,"column":55}},"4":{"start":{"line":7,"column":0},"end":{"line":18,"column":2}}},"fnMap":{},"branchMap":{},"s":{"0":4,"1":4,"2":4,"3":4,"4":4},"f":{},"b":{},"_coverageSchema":"1a1c01bbd47fc00a2c39e90264f33305004495a9","hash":"f7dc79f8fe4ef1f0542100d0cf42482699c39acf"}
,"C:\\Users\\Admin\\Documents\\GitHub\\T34\\backend\\services\\item\\read.js": {"path":"C:\\Users\\Admin\\Documents\\GitHub\\T34\\backend\\services\\item\\read.js","statementMap":{"0":{"start":{"line":1,"column":17},"end":{"line":1,"column":45}},"1":{"start":{"line":3,"column":25},"end":{"line":3,"column":49}},"2":{"start":{"line":4,"column":22},"end":{"line":4,"column":42}},"3":{"start":{"line":6,"column":17},"end":{"line":17,"column":1}},"4":{"start":{"line":7,"column":2},"end":{"line":9,"column":3}},"5":{"start":{"line":8,"column":4},"end":{"line":8,"column":21}},"6":{"start":{"line":10,"column":15},"end":{"line":10,"column":42}},"7":{"start":{"line":12,"column":2},"end":{"line":14,"column":3}},"8":{"start":{"line":13,"column":4},"end":{"line":13,"column":55}},"9":{"start":{"line":16,"column":2},"end":{"line":16,"column":14}},"10":{"start":{"line":19,"column":23},"end":{"line":24,"column":1}},"11":{"start":{"line":20,"column":16},"end":{"line":20,"column":33}},"12":{"start":{"line":21,"column":19},"end":{"line":21,"column":75}},"13":{"start":{"line":21,"column":39},"end":{"line":21,"column":74}},"14":{"start":{"line":23,"column":2},"end":{"line":23,"column":18}},"15":{"start":{"line":26,"column":23},"end":{"line":30,"column":1}},"16":{"start":{"line":27,"column":16},"end":{"line":27,"column":56}},"17":{"start":{"line":29,"column":2},"end":{"line":29,"column":15}},"18":{"start":{"line":32,"column":24},"end":{"line":36,"column":1}},"19":{"start":{"line":33,"column":16},"end":{"line":33,"column":57}},"20":{"start":{"line":35,"column":2},"end":{"line":35,"column":15}},"21":{"start":{"line":38,"column":16},"end":{"line":40,"column":1}},"22":{"start":{"line":39,"column":2},"end":{"line":39,"column":21}},"23":{"start":{"line":42,"column":24},"end":{"line":47,"column":1}},"24":{"start":{"line":43,"column":16},"end":{"line":43,"column":33}},"25":{"start":{"line":44,"column":19},"end":{"line":44,"column":67}},"26":{"start":{"line":44,"column":39},"end":{"line":44,"column":66}},"27":{"start":{"line":46,"column":2},"end":{"line":46,"column":18}},"28":{"start":{"line":49,"column":20},"end":{"line":54,"column":1}},"29":{"start":{"line":50,"column":16},"end":{"line":50,"column":33}},"30":{"start":{"line":51,"column":19},"end":{"line":51,"column":69}},"31":{"start":{"line":51,"column":39},"end":{"line":51,"column":68}},"32":{"start":{"line":53,"column":2},"end":{"line":53,"column":18}},"33":{"start":{"line":57,"column":0},"end":{"line":58,"column":42}}},"fnMap":{"0":{"name":"(anonymous_0)","decl":{"start":{"line":6,"column":17},"end":{"line":6,"column":18}},"loc":{"start":{"line":6,"column":35},"end":{"line":17,"column":1}},"line":6},"1":{"name":"(anonymous_1)","decl":{"start":{"line":19,"column":23},"end":{"line":19,"column":24}},"loc":{"start":{"line":19,"column":45},"end":{"line":24,"column":1}},"line":19},"2":{"name":"(anonymous_2)","decl":{"start":{"line":21,"column":32},"end":{"line":21,"column":33}},"loc":{"start":{"line":21,"column":39},"end":{"line":21,"column":74}},"line":21},"3":{"name":"(anonymous_3)","decl":{"start":{"line":26,"column":23},"end":{"line":26,"column":24}},"loc":{"start":{"line":26,"column":35},"end":{"line":30,"column":1}},"line":26},"4":{"name":"(anonymous_4)","decl":{"start":{"line":32,"column":24},"end":{"line":32,"column":25}},"loc":{"start":{"line":32,"column":36},"end":{"line":36,"column":1}},"line":32},"5":{"name":"(anonymous_5)","decl":{"start":{"line":38,"column":16},"end":{"line":38,"column":17}},"loc":{"start":{"line":38,"column":28},"end":{"line":40,"column":1}},"line":38},"6":{"name":"(anonymous_6)","decl":{"start":{"line":42,"column":24},"end":{"line":42,"column":25}},"loc":{"start":{"line":42,"column":35},"end":{"line":47,"column":1}},"line":42},"7":{"name":"(anonymous_7)","decl":{"start":{"line":44,"column":32},"end":{"line":44,"column":33}},"loc":{"start":{"line":44,"column":39},"end":{"line":44,"column":66}},"line":44},"8":{"name":"(anonymous_8)","decl":{"start":{"line":49,"column":20},"end":{"line":49,"column":21}},"loc":{"start":{"line":49,"column":39},"end":{"line":54,"column":1}},"line":49},"9":{"name":"(anonymous_9)","decl":{"start":{"line":51,"column":32},"end":{"line":51,"column":33}},"loc":{"start":{"line":51,"column":39},"end":{"line":51,"column":68}},"line":51}},"branchMap":{"0":{"loc":{"start":{"line":7,"column":2},"end":{"line":9,"column":3}},"type":"if","locations":[{"start":{"line":7,"column":2},"end":{"line":9,"column":3}},{"start":{},"end":{}}],"line":7},"1":{"loc":{"start":{"line":12,"column":2},"end":{"line":14,"column":3}},"type":"if","locations":[{"start":{"line":12,"column":2},"end":{"line":14,"column":3}},{"start":{},"end":{}}],"line":12}},"s":{"0":4,"1":4,"2":4,"3":4,"4":1,"5":0,"6":1,"7":1,"8":0,"9":1,"10":4,"11":1,"12":1,"13":7,"14":1,"15":4,"16":1,"17":1,"18":4,"19":1,"20":1,"21":4,"22":1,"23":4,"24":1,"25":1,"26":7,"27":1,"28":4,"29":0,"30":0,"31":0,"32":0,"33":4},"f":{"0":1,"1":1,"2":7,"3":1,"4":1,"5":1,"6":1,"7":7,"8":0,"9":0},"b":{"0":[0,1],"1":[0,1]},"_coverageSchema":"1a1c01bbd47fc00a2c39e90264f33305004495a9","hash":"8e407ff50b464e818371db2f9200ce744b10ef88"}
,"C:\\Users\\Admin\\Documents\\GitHub\\T34\\backend\\services\\item\\update.js": {"path":"C:\\Users\\Admin\\Documents\\GitHub\\T34\\backend\\services\\item\\update.js","statementMap":{"0":{"start":{"line":1,"column":17},"end":{"line":1,"column":45}},"1":{"start":{"line":3,"column":19},"end":{"line":13,"column":1}},"2":{"start":{"line":4,"column":15},"end":{"line":4,"column":42}},"3":{"start":{"line":6,"column":2},"end":{"line":8,"column":3}},"4":{"start":{"line":7,"column":4},"end":{"line":7,"column":37}},"5":{"start":{"line":10,"column":2},"end":{"line":10,"column":20}},"6":{"start":{"line":12,"column":2},"end":{"line":12,"column":14}},"7":{"start":{"line":15,"column":0},"end":{"line":15,"column":32}}},"fnMap":{"0":{"name":"(anonymous_0)","decl":{"start":{"line":3,"column":19},"end":{"line":3,"column":20}},"loc":{"start":{"line":3,"column":44},"end":{"line":13,"column":1}},"line":3}},"branchMap":{},"s":{"0":4,"1":4,"2":3,"3":3,"4":8,"5":3,"6":3,"7":4},"f":{"0":3},"b":{},"_coverageSchema":"1a1c01bbd47fc00a2c39e90264f33305004495a9","hash":"12ee35cf96303a1e6b84340c6cb0d1f7f15b983d"}
}
