TN:
SF:models\cart.js
FNF:0
FNH:0
DA:1,1
DA:3,1
DA:22,1
DA:23,1
LF:4
LH:4
BRF:0
BRH:0
end_of_record
TN:
SF:models\category.js
FNF:0
FNH:0
DA:1,2
DA:3,2
DA:15,2
DA:16,2
LF:4
LH:4
BRF:0
BRH:0
end_of_record
TN:
SF:models\comment.js
FNF:0
FNH:0
DA:1,1
DA:3,1
DA:24,1
DA:25,1
LF:4
LH:4
BRF:0
BRH:0
end_of_record
TN:
SF:models\favourites.js
FNF:0
FNH:0
DA:1,1
DA:3,1
DA:18,1
DA:19,1
LF:4
LH:4
BRF:0
BRH:0
end_of_record
TN:
SF:models\item.js
FNF:0
FNH:0
DA:1,4
DA:3,4
DA:54,4
DA:55,4
LF:4
LH:4
BRF:0
BRH:0
end_of_record
TN:
SF:models\user.js
FN:49,(anonymous_0)
FN:56,(anonymous_1)
FN:59,(anonymous_2)
FN:63,(anonymous_3)
FNF:4
FNH:0
FNDA:0,(anonymous_0)
FNDA:0,(anonymous_1)
FNDA:0,(anonymous_2)
FNDA:0,(anonymous_3)
DA:1,3
DA:2,3
DA:3,3
DA:5,3
DA:47,3
DA:49,3
DA:50,0
DA:51,0
DA:52,0
DA:54,0
DA:57,0
DA:60,0
DA:61,0
DA:63,0
DA:67,3
LF:15
LH:7
BRDA:51,0,0,0
BRDA:51,0,1,0
BRF:2
BRH:0
end_of_record
TN:
SF:services\cart\create.js
FN:4,(anonymous_0)
FNF:1
FNH:1
FNDA:2,(anonymous_0)
DA:1,1
DA:4,1
DA:5,2
DA:6,2
DA:10,1
LF:5
LH:5
BRF:0
BRH:0
end_of_record
TN:
SF:services\cart\delete.js
FN:5,(anonymous_0)
FNF:1
FNH:1
FNDA:1,(anonymous_0)
DA:1,1
DA:2,1
DA:5,1
DA:6,1
DA:7,1
DA:10,1
LF:6
LH:6
BRF:0
BRH:0
end_of_record
TN:
SF:services\cart\index.js
FNF:0
FNH:0
DA:1,1
DA:2,1
DA:3,1
DA:4,1
DA:6,1
LF:5
LH:5
BRF:0
BRH:0
end_of_record
TN:
SF:services\cart\read.js
FN:4,(anonymous_0)
FNF:1
FNH:1
FNDA:1,(anonymous_0)
DA:1,1
DA:4,1
DA:5,1
DA:6,1
DA:10,1
LF:5
LH:5
BRF:0
BRH:0
end_of_record
TN:
SF:services\cart\update.js
FN:4,(anonymous_0)
FN:17,(anonymous_1)
FN:26,(anonymous_2)
FN:51,(anonymous_3)
FNF:4
FNH:3
FNDA:5,(anonymous_0)
FNDA:0,(anonymous_1)
FNDA:1,(anonymous_2)
FNDA:1,(anonymous_3)
DA:1,1
DA:2,1
DA:4,1
DA:5,5
DA:6,5
DA:7,5
DA:8,5
DA:9,5
DA:11,5
DA:13,5
DA:17,1
DA:18,0
DA:19,0
DA:20,0
DA:21,0
DA:22,0
DA:26,1
DA:27,1
DA:28,1
DA:29,1
DA:30,1
DA:31,1
DA:32,1
DA:33,0
DA:36,1
DA:37,1
DA:38,1
DA:41,0
DA:45,1
DA:47,1
DA:48,1
DA:51,1
DA:52,1
DA:53,1
DA:54,1
DA:55,1
DA:56,1
DA:59,1
LF:38
LH:31
BRDA:32,0,0,0
BRDA:32,0,1,1
BRDA:36,1,0,1
BRDA:36,1,1,0
BRF:4
BRH:2
end_of_record
TN:
SF:services\category\create.js
FN:3,(anonymous_0)
FNF:1
FNH:1
FNDA:3,(anonymous_0)
DA:1,2
DA:3,2
DA:7,3
DA:11,3
DA:14,2
LF:5
LH:5
BRF:0
BRH:0
end_of_record
TN:
SF:services\category\index.js
FNF:0
FNH:0
DA:1,2
DA:3,2
LF:2
LH:2
BRF:0
BRH:0
end_of_record
TN:
SF:services\comment\create.js
FN:4,(anonymous_0)
FNF:1
FNH:1
FNDA:3,(anonymous_0)
DA:1,1
DA:2,1
DA:4,1
DA:9,3
DA:14,3
DA:15,3
DA:16,3
DA:18,3
DA:22,1
LF:9
LH:9
BRF:0
BRH:0
end_of_record
TN:
SF:services\comment\delete.js
FN:3,(anonymous_0)
FNF:1
FNH:1
FNDA:1,(anonymous_0)
DA:1,1
DA:3,1
DA:4,1
DA:6,1
DA:9,1
LF:5
LH:5
BRF:0
BRH:0
end_of_record
TN:
SF:services\comment\index.js
FNF:0
FNH:0
DA:1,1
DA:2,1
DA:3,1
DA:4,1
DA:6,1
LF:5
LH:5
BRF:0
BRH:0
end_of_record
TN:
SF:services\comment\read.js
FN:7,(anonymous_0)
FN:20,(anonymous_1)
FNF:2
FNH:1
FNDA:0,(anonymous_0)
FNDA:1,(anonymous_1)
DA:1,1
DA:3,1
DA:4,1
DA:5,1
DA:7,1
DA:8,0
DA:9,0
DA:11,0
DA:13,0
DA:14,0
DA:17,0
DA:20,1
DA:21,1
DA:22,0
DA:24,1
DA:25,1
DA:26,0
DA:28,1
DA:32,1
LF:19
LH:11
BRDA:8,0,0,0
BRDA:8,0,1,0
BRDA:13,1,0,0
BRDA:13,1,1,0
BRDA:21,2,0,0
BRDA:21,2,1,1
BRDA:25,3,0,0
BRDA:25,3,1,1
BRF:8
BRH:2
end_of_record
TN:
SF:services\comment\update.js
FN:3,(anonymous_0)
FNF:1
FNH:1
FNDA:1,(anonymous_0)
DA:1,1
DA:3,1
DA:4,1
DA:6,1
DA:7,1
DA:9,1
DA:14,1
LF:7
LH:7
BRF:0
BRH:0
end_of_record
TN:
SF:services\favourites\create.js
FN:4,(anonymous_0)
FNF:1
FNH:1
FNDA:2,(anonymous_0)
DA:1,1
DA:2,1
DA:4,1
DA:5,2
DA:6,2
DA:9,1
LF:6
LH:6
BRF:0
BRH:0
end_of_record
TN:
SF:services\favourites\delete.js
FN:5,(anonymous_0)
FNF:1
FNH:1
FNDA:1,(anonymous_0)
DA:2,1
DA:3,1
DA:5,1
DA:6,1
DA:7,1
DA:10,1
LF:6
LH:6
BRF:0
BRH:0
end_of_record
TN:
SF:services\favourites\index.js
FNF:0
FNH:0
DA:1,1
DA:2,1
DA:3,1
DA:4,1
DA:6,1
LF:5
LH:5
BRF:0
BRH:0
end_of_record
TN:
SF:services\favourites\read.js
FN:3,(anonymous_0)
FNF:1
FNH:1
FNDA:1,(anonymous_0)
DA:1,1
DA:3,1
DA:4,1
DA:5,1
DA:6,0
DA:8,1
DA:11,1
LF:7
LH:6
BRDA:5,0,0,0
BRDA:5,0,1,1
BRF:2
BRH:1
end_of_record
TN:
SF:services\favourites\update.js
FN:4,(anonymous_0)
FN:14,(anonymous_1)
FN:40,(anonymous_2)
FNF:3
FNH:3
FNDA:5,(anonymous_0)
FNDA:1,(anonymous_1)
FNDA:1,(anonymous_2)
DA:1,1
DA:2,1
DA:4,1
DA:6,5
DA:7,5
DA:9,5
DA:10,5
DA:11,5
DA:14,1
DA:15,1
DA:16,1
DA:18,1
DA:19,1
DA:21,1
DA:22,1
DA:23,0
DA:26,1
DA:27,1
DA:30,0
DA:34,1
DA:35,1
DA:36,1
DA:40,1
DA:41,1
DA:43,1
DA:44,1
DA:45,1
DA:48,1
LF:28
LH:26
BRDA:22,0,0,0
BRDA:22,0,1,1
BRDA:26,1,0,1
BRDA:26,1,1,0
BRF:4
BRH:2
end_of_record
TN:
SF:services\item\create.js
FN:3,(anonymous_0)
FNF:1
FNH:1
FNDA:10,(anonymous_0)
DA:1,4
DA:3,4
DA:13,10
DA:23,10
DA:26,4
LF:5
LH:5
BRF:0
BRH:0
end_of_record
TN:
SF:services\item\delete.js
FN:3,(anonymous_0)
FNF:1
FNH:1
FNDA:1,(anonymous_0)
DA:1,4
DA:3,4
DA:4,1
DA:5,1
DA:8,4
LF:5
LH:5
BRF:0
BRH:0
end_of_record
TN:
SF:services\item\index.js
FNF:0
FNH:0
DA:1,4
DA:2,4
DA:4,4
DA:5,4
DA:7,4
LF:5
LH:5
BRF:0
BRH:0
end_of_record
TN:
SF:services\item\read.js
FN:6,(anonymous_0)
FN:19,(anonymous_1)
FN:21,(anonymous_2)
FN:26,(anonymous_3)
FN:32,(anonymous_4)
FN:38,(anonymous_5)
FN:42,(anonymous_6)
FN:44,(anonymous_7)
FN:49,(anonymous_8)
FN:51,(anonymous_9)
FNF:10
FNH:6
FNDA:1,(anonymous_0)
FNDA:1,(anonymous_1)
FNDA:0,(anonymous_2)
FNDA:1,(anonymous_3)
FNDA:1,(anonymous_4)
FNDA:1,(anonymous_5)
FNDA:1,(anonymous_6)
FNDA:0,(anonymous_7)
FNDA:0,(anonymous_8)
FNDA:0,(anonymous_9)
DA:1,4
DA:3,4
DA:4,4
DA:6,4
DA:7,1
DA:8,0
DA:10,1
DA:12,1
DA:13,0
DA:16,1
DA:19,4
DA:20,1
DA:21,1
DA:23,1
DA:26,4
DA:27,1
DA:29,1
DA:32,4
DA:33,1
DA:35,1
DA:38,4
DA:39,1
DA:42,4
DA:43,1
DA:44,1
DA:46,1
DA:49,4
DA:50,0
DA:51,0
DA:53,0
DA:57,4
LF:31
LH:26
BRDA:7,0,0,0
BRDA:7,0,1,1
BRDA:12,1,0,0
BRDA:12,1,1,1
BRF:4
BRH:2
end_of_record
TN:
SF:services\item\update.js
FN:3,(anonymous_0)
FNF:1
FNH:1
FNDA:3,(anonymous_0)
DA:1,4
DA:3,4
DA:4,3
DA:6,3
DA:7,8
DA:10,3
DA:12,3
DA:15,4
LF:8
LH:8
BRF:0
BRH:0
end_of_record
